#
# A fatal error has been detected by the Java Runtime Environment:
#
#  SIGSEGV (0xb) at pc=0x0000000106d2ae58, pid=9694, tid=0x0000000000000103
#
# JRE version: OpenJDK Runtime Environment (8.0_312-b07) (build 1.8.0_312-b07)
# Java VM: OpenJDK 64-Bit Server VM (25.312-b07 mixed mode bsd-aarch64 compressed oops)
# Problematic frame:
# J 1094 C2 com.javarush.engine.cell.Game.setCellValue(IILjava/lang/String;)V (109 bytes) @ 0x0000000106d2ae58 [0x0000000106d2ae40+0x18]
#
# Failed to write core dump. Core dumps have been disabled. To enable core dumping, try "ulimit -c unlimited" before starting Java again
#
# If you would like to submit a bug report, please visit:
#   https://bell-sw.com/support
#

---------------  T H R E A D  ---------------

Current thread (0x00000001500ef000):  JavaThread "JavaFX Application Thread" [_thread_in_Java, id=259, stack(0x000000016910c000,0x000000016b10c000)]

siginfo: si_signo: 11 (SIGSEGV), si_code: 2 (SEGV_ACCERR), si_addr: 0x000000016a90ffa0

Registers:
 x0=0x000000076c527fc8  x1=0x000000076bc2e0a0  x2=0x0000000000000003  x3=0x0000000000000004
 x4=0x000000076ab0a910  x5=0x0000000000000108  x6=0x0000000000014cf1  x7=0x00000001500ef000
 x8=0x0000000000014cf1  x9=0xffffffffffff0000 x10=0x000000076ab0a910 x11=0x00000000000c8030
x12=0x000000076ab0a910 x13=0x000000076c4d1b10 x14=0x0000000117b104d0 x15=0x000000076ab04190
x16=0x000000018bf85f34 x17=0x00000001e675d850 x18=0x000000000000001d x19=0x000000016b01e0d0
x20=0x000000016b01e160 x21=0x00000001063379f0 x22=0x0000000117b10421 x23=0x000000016b1079a0
x24=0x000000016b01e158 x25=0x0000000000000001 x26=0x0000000117b12688 x27=0x0000000000000000
x28=0x00000001500ef000  fp=0x000000016b0d3b00  lr=0x0000000106d2a0f4  sp=0x000000016a91ffa0
pc=0x0000000106d2ae58 cpsr=0x0000000060001000
Top of Stack: (sp=0x000000016a91ffa0)
0x000000016a91ffa0:   0000000000000000 0000000000000000
0x000000016a91ffb0:   0000000000000000 0000000000000000
0x000000016a91ffc0:   0000000000000000 000000076c527fc8
0x000000016a91ffd0:   000000076bc2e0a0 0000000400000003
0x000000016a91ffe0:   0000000000000000 0000000000000000
0x000000016a91fff0:   000000016b0d3b00 0000000106d2a154
0x000000016a920000:   0000000000000000 0000000000000000
0x000000016a920010:   0000000000000000 0000000000000000
0x000000016a920020:   0000000000000000 000000076c527fc8
0x000000016a920030:   000000076bc2e0a0 0000000400000003
0x000000016a920040:   0000000000000000 0000000000000000
0x000000016a920050:   000000016b0d3b00 0000000106d2a154
0x000000016a920060:   0000000000000000 0000000000000000
0x000000016a920070:   0000000000000000 0000000000000000
0x000000016a920080:   0000000000000000 000000076c527fc8
0x000000016a920090:   000000076bc2e0a0 0000000400000003
0x000000016a9200a0:   0000000000000000 0000000000000000
0x000000016a9200b0:   000000016b0d3b00 0000000106d2a154
0x000000016a9200c0:   0000000000000000 0000000000000000
0x000000016a9200d0:   0000000000000000 0000000000000000
0x000000016a9200e0:   0000000000000000 000000076c527fc8
0x000000016a9200f0:   000000076bc2e0a0 0000000400000003
0x000000016a920100:   0000000000000000 0000000000000000
0x000000016a920110:   000000016b0d3b00 0000000106d2a154
0x000000016a920120:   0000000000000000 0000000000000000
0x000000016a920130:   0000000000000000 0000000000000000
0x000000016a920140:   0000000000000000 000000076c527fc8
0x000000016a920150:   000000076bc2e0a0 0000000400000003
0x000000016a920160:   0000000000000000 0000000000000000
0x000000016a920170:   000000016b0d3b00 0000000106d2a154
0x000000016a920180:   0000000000000000 0000000000000000
0x000000016a920190:   0000000000000000 0000000000000000 

Instructions: (pc=0x0000000106d2ae58)
0x0000000106d2ae38:   08 60 00 00 00 00 00 00 28 08 40 b9 3f 01 08 6b
0x0000000106d2ae48:   40 00 00 54 fd f2 f2 17 1f 20 03 d5 e9 bf 70 b2
0x0000000106d2ae58:   ff 6b 29 f8 ff 03 01 d1 fd 7b 03 a9 2b 38 40 b9
0x0000000106d2ae68:   6a f1 7d d3 4b 0d 40 b9 7f 00 0b 6b 62 0c 00 54 


Register to memory mapping:

 x0=0x000000076c527fc8 is an oop
com.javarush.games.minesweeper.GameObject 
 - klass: 'com/javarush/games/minesweeper/GameObject'
 x1=0x000000076bc2e0a0 is an oop
com.javarush.games.minesweeper.MinesweeperGame 
 - klass: 'com/javarush/games/minesweeper/MinesweeperGame'
 x2=0x0000000000000003 is an unknown value
 x3=0x0000000000000004 is an unknown value
 x4=0x000000076ab0a910 is an oop
java.lang.String 
 - klass: 'java/lang/String'
 x5=0x0000000000000108 is an unknown value
 x6=0x0000000000014cf1 is an unknown value
 x7=0x00000001500ef000 is a thread
 x8=0x0000000000014cf1 is an unknown value
 x9=0xffffffffffff0000 is an unknown value
x10=0x000000076ab0a910 is an oop
java.lang.String 
 - klass: 'java/lang/String'
x11=0x00000000000c8030 is an unknown value
x12=0x000000076ab0a910 is an oop
java.lang.String 
 - klass: 'java/lang/String'
x13=0x000000076c4d1b10 is an oop
javafx.scene.text.Text 
 - klass: 'javafx/scene/text/Text'
x14={method} {0x0000000117b104d0} 'setCellValue' '(IILjava/lang/String;)V' in 'com/javarush/engine/cell/Game'
x15=0x000000076ab04190 is an oop
java.lang.Object 
 - klass: 'java/lang/Object'
x16=0x000000018bf85f34: pthread_jit_write_protect_np+0 in /usr/lib/system/libsystem_pthread.dylib at 0x000000018bf7e000
x17=0x00000001e675d850: <offset 0x5a914850> in /usr/lib/system/libsystem_c.dylib at 0x000000018be49000
x18=0x000000000000001d is an unknown value
x19=0x000000016b01e0d0 is pointing into the stack for thread: 0x00000001500ef000
x20=0x000000016b01e160 is pointing into the stack for thread: 0x00000001500ef000
x21=0x00000001063379f0: _ZN19TemplateInterpreter13_active_tableE+0 in /Users/mymac/Library/Java/JavaVirtualMachines/liberica-1.8.0_312/jre/lib/server/libjvm.dylib at 0x0000000105c98000
x22=0x0000000117b10421 is pointing into metadata
x23=0x000000016b1079a0 is pointing into the stack for thread: 0x00000001500ef000
x24=0x000000016b01e158 is pointing into the stack for thread: 0x00000001500ef000
x25=0x0000000000000001 is an unknown value
x26=0x0000000117b12688 is pointing into metadata
x27=0x0000000000000000 is an unknown value
x28=0x00000001500ef000 is a thread


Stack: [0x000000016910c000,0x000000016b10c000],  sp=0x000000016a91ffa0,  free space=24655k
Native frames: (J=compiled Java code, j=interpreted, Vv=VM code, C=native code)
J 1094 C2 com.javarush.engine.cell.Game.setCellValue(IILjava/lang/String;)V (109 bytes) @ 0x0000000106d2ae58 [0x0000000106d2ae40+0x18]
C  0x0000000400000003


---------------  P R O C E S S  ---------------

Java Threads: ( => current thread )
  0x00000001501c3800 JavaThread "Attach Listener" daemon [_thread_blocked, id=1283, stack(0x000000016e6f8000,0x000000016e8fb000)]
  0x000000015013f800 JavaThread "Prism Font Disposer" daemon [_thread_blocked, id=77847, stack(0x000000016e4ec000,0x000000016e6ef000)]
  0x000000015897e000 JavaThread "Thread-5" daemon [_thread_in_native, id=81931, stack(0x000000016dfbc000,0x000000016e03f000)]
  0x000000015897d000 JavaThread "JavaFX-Launcher" [_thread_blocked, id=78595, stack(0x000000016e2e0000,0x000000016e4e3000)]
=>0x00000001500ef000 JavaThread "JavaFX Application Thread" [_thread_in_Java, id=259, stack(0x000000016910c000,0x000000016b10c000)]
  0x00000001588f1800 JavaThread "Thread-1" daemon [_thread_blocked, id=37903, stack(0x000000016ddb0000,0x000000016dfb3000)]
  0x00000001500bc000 JavaThread "QuantumRenderer-0" daemon [_thread_blocked, id=42755, stack(0x000000016dba4000,0x000000016dda7000)]
  0x000000015883e800 JavaThread "Service Thread" daemon [_thread_blocked, id=14595, stack(0x000000016d78c000,0x000000016d98f000)]
  0x0000000141809000 JavaThread "C1 CompilerThread3" daemon [_thread_blocked, id=15107, stack(0x000000016d580000,0x000000016d783000)]
  0x0000000158823800 JavaThread "C2 CompilerThread2" daemon [_thread_blocked, id=15619, stack(0x000000016d374000,0x000000016d577000)]
  0x0000000158823000 JavaThread "C2 CompilerThread1" daemon [_thread_blocked, id=14339, stack(0x000000016d168000,0x000000016d36b000)]
  0x0000000158810000 JavaThread "C2 CompilerThread0" daemon [_thread_blocked, id=13827, stack(0x000000016cf5c000,0x000000016d15f000)]
  0x000000015008d800 JavaThread "Monitor Ctrl-Break" daemon [_thread_in_native, id=13571, stack(0x000000016cd50000,0x000000016cf53000)]
  0x000000015803d800 JavaThread "Signal Dispatcher" daemon [_thread_blocked, id=16643, stack(0x000000016cb44000,0x000000016cd47000)]
  0x000000015880b800 JavaThread "Finalizer" daemon [_thread_blocked, id=18435, stack(0x000000016c820000,0x000000016ca23000)]
  0x0000000158010000 JavaThread "Reference Handler" daemon [_thread_blocked, id=18691, stack(0x000000016c614000,0x000000016c817000)]
  0x000000015980d000 JavaThread "main" [_thread_blocked, id=5635, stack(0x000000016b19c000,0x000000016b39f000)]

Other Threads:
  0x0000000150046800 VMThread [stack: 0x000000016c408000,0x000000016c60b000] [id=19203]
  0x0000000158812800 WatcherThread [stack: 0x000000016d998000,0x000000016db9b000] [id=43267]

VM state:not at safepoint (normal execution)

VM Mutex/Monitor currently owned by a thread: None

heap address: 0x00000006c0000000, size: 4096 MB, Compressed Oops mode: Zero based, Oop shift amount: 3
Narrow klass base: 0x0000000800000000, Narrow klass shift: 0
Compressed class space size: 1073741824 Address: 0x0000000800000000

Heap:
 PSYoungGen      total 76288K, used 41769K [0x000000076ab00000, 0x0000000770000000, 0x00000007c0000000)
  eden space 65536K, 63% used [0x000000076ab00000,0x000000076d3ca608,0x000000076eb00000)
  from space 10752K, 0% used [0x000000076f580000,0x000000076f580000,0x0000000770000000)
  to   space 10752K, 0% used [0x000000076eb00000,0x000000076eb00000,0x000000076f580000)
 ParOldGen       total 175104K, used 0K [0x00000006c0000000, 0x00000006cab00000, 0x000000076ab00000)
  object space 175104K, 0% used [0x00000006c0000000,0x00000006c0000000,0x00000006cab00000)
 Metaspace       used 12884K, capacity 13380K, committed 13696K, reserved 1060864K
  class space    used 1655K, capacity 1818K, committed 1920K, reserved 1048576K

Card table byte_map: [0x0000000105298000,0x0000000105a9c000] byte_map_base: 0x0000000101c98000

Marking Bits: (ParMarkBitMap*) 0x0000000106331a70
 Begin Bits: [0x000000010ef08000, 0x0000000112f08000)
 End Bits:   [0x0000000112f08000, 0x0000000116f08000)

Polling page: 0x0000000104e70000

CodeCache: size=131072Kb used=3582Kb max_used=3594Kb free=127489Kb
 bounds [0x00000001069b0000, 0x0000000106d40000, 0x000000010e9b0000]
 total_blobs=1698 nmethods=1094 adapters=520
 compilation: enabled

Compilation events (10 events):
Event: 1.087 Thread 0x0000000158810000 nmethod 1089 0x0000000106d2bc10 code [0x0000000106d2bd80, 0x0000000106d2be10]
Event: 1.087 Thread 0x0000000141809000 nmethod 1086 0x0000000106d30850 code [0x0000000106d30d00, 0x0000000106d32ed0]
Event: 1.087 Thread 0x0000000141809000 1091       3       java.util.concurrent.atomic.AtomicBoolean::get (13 bytes)
Event: 1.087 Thread 0x0000000158810000 1094       4       com.javarush.engine.cell.Game::setCellValue (109 bytes)
Event: 1.088 Thread 0x0000000141809000 nmethod 1091 0x0000000106d2b8d0 code [0x0000000106d2ba40, 0x0000000106d2bb90]
Event: 1.088 Thread 0x0000000141809000 1092       1       java.util.concurrent.locks.AbstractOwnableSynchronizer::getExclusiveOwnerThread (5 bytes)
Event: 1.088 Thread 0x0000000141809000 nmethod 1092 0x0000000106d2a590 code [0x0000000106d2a6c0, 0x0000000106d2a750]
Event: 1.088 Thread 0x0000000141809000 1093       1       java.util.concurrent.locks.AbstractQueuedSynchronizer::getState (5 bytes)
Event: 1.088 Thread 0x0000000141809000 nmethod 1093 0x0000000106d2b6d0 code [0x0000000106d2b800, 0x0000000106d2b890]
Event: 1.090 Thread 0x0000000158810000 nmethod 1094 0x0000000106d2acd0 code [0x0000000106d2ae40, 0x0000000106d2b190]

GC Heap History (0 events):
No events

Deoptimization events (10 events):
Event: 0.235 Thread 0x000000015980d000 Uncommon trap: reason=unstable_if action=reinterpret pc=0x0000000106b4b4b4 method=java.lang.String.replace(CC)Ljava/lang/String; @ 2
Event: 0.261 Thread 0x00000001500ef000 Uncommon trap: reason=unstable_if action=reinterpret pc=0x0000000106b7530c method=java.lang.String.indexOf([CII[CIII)I @ 134
Event: 0.321 Thread 0x00000001500ef000 Uncommon trap: reason=unstable_if action=reinterpret pc=0x0000000106bb1e0c method=java.lang.CharacterData.of(I)Ljava/lang/CharacterData; @ 4
Event: 0.346 Thread 0x00000001500ef000 Uncommon trap: reason=unstable_if action=reinterpret pc=0x0000000106be7590 method=java.lang.String.toLowerCase(Ljava/util/Locale;)Ljava/lang/String; @ 22
Event: 0.396 Thread 0x00000001500ef000 Uncommon trap: reason=class_check action=maybe_recompile pc=0x0000000106c4c664 method=java.util.Collections$UnmodifiableList.get(I)Ljava/lang/Object; @ 5
Event: 0.396 Thread 0x00000001500ef000 Uncommon trap: reason=class_check action=maybe_recompile pc=0x0000000106c4c664 method=java.util.Collections$UnmodifiableList.get(I)Ljava/lang/Object; @ 5
Event: 0.397 Thread 0x00000001500ef000 Uncommon trap: reason=class_check action=maybe_recompile pc=0x0000000106c4c664 method=java.util.Collections$UnmodifiableList.get(I)Ljava/lang/Object; @ 5
Event: 0.397 Thread 0x00000001500ef000 Uncommon trap: reason=class_check action=maybe_recompile pc=0x0000000106c4c664 method=java.util.Collections$UnmodifiableList.get(I)Ljava/lang/Object; @ 5
Event: 0.484 Thread 0x00000001500bc000 Uncommon trap: reason=unstable_if action=reinterpret pc=0x0000000106c2d0dc method=sun.net.www.ParseUtil.encodePath(Ljava/lang/String;Z)Ljava/lang/String; @ 109
Event: 1.022 Thread 0x00000001500ef000 Uncommon trap: reason=unstable_if action=reinterpret pc=0x0000000106d259d4 method=jdk.internal.org.objectweb.asm.Type.getArgumentsAndReturnSizes(Ljava/lang/String;)I @ 47

Classes redefined (0 events):
No events

Internal exceptions (10 events):
Event: 0.013 Thread 0x000000015980d000 Exception <a 'java/lang/NoSuchMethodError': Method sun.misc.Unsafe.prefetchRead(Ljava/lang/Object;J)V name or signature does not match> (0x000000076ab07fa8) thrown at [/System/Volumes/Data/ws/workspace/jdk-8u312/label/macosx-aarch64/type/b8/build/hotspot/
Event: 0.064 Thread 0x000000015980d000 Exception <a 'java/lang/NoSuchFieldError': method resolution failed> (0x000000076b066a30) thrown at [/System/Volumes/Data/ws/workspace/jdk-8u312/label/macosx-aarch64/type/b8/build/hotspot/src/share/vm/prims/methodHandles.cpp, line 1176]
Event: 0.065 Thread 0x000000015980d000 Exception <a 'java/lang/NoSuchFieldError': method resolution failed> (0x000000076b074680) thrown at [/System/Volumes/Data/ws/workspace/jdk-8u312/label/macosx-aarch64/type/b8/build/hotspot/src/share/vm/prims/methodHandles.cpp, line 1176]
Event: 0.078 Thread 0x000000015980d000 Exception <a 'java/security/PrivilegedActionException'> (0x000000076b123828) thrown at [/System/Volumes/Data/ws/workspace/jdk-8u312/label/macosx-aarch64/type/b8/build/hotspot/src/share/vm/prims/jvm.cpp, line 1523]
Event: 0.078 Thread 0x000000015980d000 Exception <a 'java/security/PrivilegedActionException'> (0x000000076b123a38) thrown at [/System/Volumes/Data/ws/workspace/jdk-8u312/label/macosx-aarch64/type/b8/build/hotspot/src/share/vm/prims/jvm.cpp, line 1523]
Event: 0.078 Thread 0x000000015980d000 Exception <a 'java/security/PrivilegedActionException'> (0x000000076b126d68) thrown at [/System/Volumes/Data/ws/workspace/jdk-8u312/label/macosx-aarch64/type/b8/build/hotspot/src/share/vm/prims/jvm.cpp, line 1523]
Event: 0.078 Thread 0x000000015980d000 Exception <a 'java/security/PrivilegedActionException'> (0x000000076b126f78) thrown at [/System/Volumes/Data/ws/workspace/jdk-8u312/label/macosx-aarch64/type/b8/build/hotspot/src/share/vm/prims/jvm.cpp, line 1523]
Event: 0.079 Thread 0x000000015980d000 Exception <a 'java/lang/NullPointerException'> (0x000000076b127980) thrown at [/System/Volumes/Data/ws/workspace/jdk-8u312/label/macosx-aarch64/type/b8/build/hotspot/src/share/vm/interpreter/linkResolver.cpp, line 1185]
Event: 0.331 Thread 0x00000001500ef000 Exception <a 'java/lang/NullPointerException'> (0x000000076c441c00) thrown at [/System/Volumes/Data/ws/workspace/jdk-8u312/label/macosx-aarch64/type/b8/build/hotspot/src/share/vm/interpreter/linkResolver.cpp, line 1185]
Event: 0.331 Thread 0x00000001500ef000 Exception <a 'java/lang/NullPointerException'> (0x000000076c441c00) thrown at [/System/Volumes/Data/ws/workspace/jdk-8u312/label/macosx-aarch64/type/b8/build/hotspot/src/share/vm/prims/jvm.cpp, line 1527]

Events (10 events):
Event: 1.024 loading class com/sun/scenario/animation/AnimationPulse$PulseData$Accessor done
Event: 1.024 loading class com/sun/scenario/animation/AnimationPulse$PulseData
Event: 1.024 loading class com/sun/scenario/animation/AnimationPulse$PulseData done
Event: 1.024 loading class com/sun/scenario/animation/AnimationPulse$PulseData$Accessor
Event: 1.024 loading class com/sun/scenario/animation/AnimationPulse$PulseData$Accessor done
Event: 1.024 loading class javafx/animation/Animation$1
Event: 1.024 loading class javafx/animation/Animation$1 done
Event: 1.074 Thread 0x00000001501c3800 Thread added: 0x00000001501c3800
Event: 1.084 loading class com/javarush/engine/cell/Game$1
Event: 1.084 loading class com/javarush/engine/cell/Game$1 done


Dynamic libraries:
0x00000001a25dc000 	/System/Library/Frameworks/Cocoa.framework/Versions/A/Cocoa
0x000000018eb63000 	/System/Library/Frameworks/AppKit.framework/Versions/C/AppKit
0x0000000192093000 	/System/Library/Frameworks/CoreData.framework/Versions/A/CoreData
0x000000018cec0000 	/System/Library/Frameworks/Foundation.framework/Versions/C/Foundation
0x00000001969db000 	/usr/lib/libSystem.B.dylib
0x000000018fa17000 	/System/Library/PrivateFrameworks/UIFoundation.framework/Versions/A/UIFoundation
0x000000019c8db000 	/System/Library/PrivateFrameworks/RemoteViewServices.framework/Versions/A/RemoteViewServices
0x0000000194ef6000 	/System/Library/PrivateFrameworks/XCTTargetBootstrap.framework/Versions/A/XCTTargetBootstrap
0x00000001986dc000 	/System/Library/PrivateFrameworks/InternationalSupport.framework/Versions/A/InternationalSupport
0x0000000198765000 	/System/Library/PrivateFrameworks/UserActivity.framework/Versions/A/UserActivity
0x0000000197c0a000 	/usr/lib/libspindump.dylib
0x000000018fc87000 	/System/Library/Frameworks/UniformTypeIdentifiers.framework/Versions/A/UniformTypeIdentifiers
0x0000000193483000 	/usr/lib/libapp_launch_measurement.dylib
0x00000001929fb000 	/System/Library/PrivateFrameworks/CoreAnalytics.framework/Versions/A/CoreAnalytics
0x0000000193486000 	/System/Library/PrivateFrameworks/CoreAutoLayout.framework/Versions/A/CoreAutoLayout
0x00000001947f9000 	/System/Library/Frameworks/Metal.framework/Versions/A/Metal
0x0000000195548000 	/usr/lib/liblangid.dylib
0x0000000194efa000 	/System/Library/PrivateFrameworks/CoreSVG.framework/Versions/A/CoreSVG
0x000000019114e000 	/System/Library/PrivateFrameworks/SkyLight.framework/Versions/A/SkyLight
0x0000000191518000 	/System/Library/Frameworks/CoreGraphics.framework/Versions/A/CoreGraphics
0x000000019cf58000 	/System/Library/Frameworks/Accelerate.framework/Versions/A/Accelerate
0x000000019767e000 	/System/Library/PrivateFrameworks/IconServices.framework/Versions/A/IconServices
0x00000001947db000 	/System/Library/Frameworks/IOSurface.framework/Versions/A/IOSurface
0x0000000192a2b000 	/usr/lib/libDiagnosticMessagesClient.dylib
0x000000019692b000 	/usr/lib/libz.1.dylib
0x00000001a039f000 	/System/Library/Frameworks/ApplicationServices.framework/Versions/A/ApplicationServices
0x0000000194ede000 	/System/Library/PrivateFrameworks/DFRFoundation.framework/Versions/A/DFRFoundation
0x000000018e404000 	/usr/lib/libicucore.A.dylib
0x00000001994dd000 	/System/Library/Frameworks/AudioToolbox.framework/Versions/A/AudioToolbox
0x00000001986e8000 	/System/Library/PrivateFrameworks/DataDetectorsCore.framework/Versions/A/DataDetectorsCore
0x00000001ae81a000 	/System/Library/PrivateFrameworks/TextInput.framework/Versions/A/TextInput
0x00000001910c5000 	/usr/lib/libMobileGestalt.dylib
0x0000000194bae000 	/System/Library/Frameworks/Carbon.framework/Versions/A/Frameworks/HIToolbox.framework/Versions/A/HIToolbox
0x0000000192e8c000 	/System/Library/Frameworks/QuartzCore.framework/Versions/A/QuartzCore
0x000000018e081000 	/System/Library/Frameworks/Security.framework/Versions/A/Security
0x000000019c91b000 	/System/Library/Frameworks/Carbon.framework/Versions/A/Frameworks/SpeechRecognition.framework/Versions/A/SpeechRecognition
0x00000001931da000 	/System/Library/PrivateFrameworks/CoreUI.framework/Versions/A/CoreUI
0x000000018d952000 	/System/Library/Frameworks/CoreAudio.framework/Versions/A/CoreAudio
0x0000000192b1f000 	/System/Library/Frameworks/DiskArbitration.framework/Versions/A/DiskArbitration
0x0000000197fef000 	/System/Library/PrivateFrameworks/MultitouchSupport.framework/Versions/A/MultitouchSupport
0x00000001910c3000 	/usr/lib/libenergytrace.dylib
0x000000018ea2d000 	/System/Library/Frameworks/IOKit.framework/Versions/A/IOKit
0x000000019cd04000 	/System/Library/Frameworks/CoreServices.framework/Versions/A/CoreServices
0x0000000193413000 	/System/Library/PrivateFrameworks/PerformanceAnalysis.framework/Versions/A/PerformanceAnalysis
0x00000001ed38d000 	/System/Library/Frameworks/OpenGL.framework/Versions/A/OpenGL
0x0000000195f99000 	/System/Library/PrivateFrameworks/MobileKeyBag.framework/Versions/A/MobileKeyBag
0x000000018be0a000 	/usr/lib/libobjc.A.dylib
0x0000000191b28000 	/System/Library/Frameworks/ColorSync.framework/Versions/A/ColorSync
0x000000018bfcc000 	/System/Library/Frameworks/CoreFoundation.framework/Versions/A/CoreFoundation
0x000000019517b000 	/System/Library/Frameworks/CoreImage.framework/Versions/A/CoreImage
0x000000018d775000 	/System/Library/Frameworks/CoreText.framework/Versions/A/CoreText
0x0000000194f2a000 	/System/Library/Frameworks/ImageIO.framework/Versions/A/ImageIO
0x00000001969e1000 	/System/Library/PrivateFrameworks/SoftLinking.framework/Versions/A/SoftLinking
0x00000001934d0000 	/usr/lib/libxml2.2.dylib
0x000000018beca000 	/usr/lib/libc++.1.dylib
0x0000000196c7a000 	/usr/lib/libcompression.dylib
0x0000000198635000 	/System/Library/PrivateFrameworks/TextureIO.framework/Versions/A/TextureIO
0x0000000197398000 	/usr/lib/libate.dylib
0x00000001969d5000 	/usr/lib/system/libcache.dylib
0x0000000196993000 	/usr/lib/system/libcommonCrypto.dylib
0x00000001969bc000 	/usr/lib/system/libcompiler_rt.dylib
0x00000001969b3000 	/usr/lib/system/libcopyfile.dylib
0x000000018bd1e000 	/usr/lib/system/libcorecrypto.dylib
0x000000018bdc3000 	/usr/lib/system/libdispatch.dylib
0x000000018bf8b000 	/usr/lib/system/libdyld.dylib
0x00000001969cb000 	/usr/lib/system/libkeymgr.dylib
0x0000000196975000 	/usr/lib/system/libmacho.dylib
0x0000000196079000 	/usr/lib/system/libquarantine.dylib
0x00000001969c8000 	/usr/lib/system/libremovefile.dylib
0x000000019111a000 	/usr/lib/system/libsystem_asl.dylib
0x000000018bcc8000 	/usr/lib/system/libsystem_blocks.dylib
0x000000018be49000 	/usr/lib/system/libsystem_c.dylib
0x00000001969c0000 	/usr/lib/system/libsystem_collections.dylib
0x0000000195538000 	/usr/lib/system/libsystem_configuration.dylib
0x00000001947bc000 	/usr/lib/system/libsystem_containermanager.dylib
0x00000001966dc000 	/usr/lib/system/libsystem_coreservices.dylib
0x000000018e6af000 	/usr/lib/system/libsystem_darwin.dylib
0x00000001969cc000 	/usr/lib/system/libsystem_dnssd.dylib
0x000000018be46000 	/usr/lib/system/libsystem_featureflags.dylib
0x000000018bfa0000 	/usr/lib/system/libsystem_info.dylib
0x000000019693d000 	/usr/lib/system/libsystem_m.dylib
0x000000018bd98000 	/usr/lib/system/libsystem_malloc.dylib
0x00000001910ab000 	/usr/lib/system/libsystem_networkextension.dylib
0x000000018eb03000 	/usr/lib/system/libsystem_notify.dylib
0x000000019cbe1000 	/usr/lib/system/libsystem_product_info_filter.dylib
0x000000019553d000 	/usr/lib/system/libsystem_sandbox.dylib
0x00000001969c5000 	/usr/lib/system/libsystem_secinit.dylib
0x000000018bf48000 	/usr/lib/system/libsystem_kernel.dylib
0x000000018bf98000 	/usr/lib/system/libsystem_platform.dylib
0x000000018bf7e000 	/usr/lib/system/libsystem_pthread.dylib
0x0000000192854000 	/usr/lib/system/libsystem_symptoms.dylib
0x000000018bd04000 	/usr/lib/system/libsystem_trace.dylib
0x00000001969a0000 	/usr/lib/system/libunwind.dylib
0x000000018bcca000 	/usr/lib/system/libxpc.dylib
0x000000018bf2e000 	/usr/lib/libc++abi.dylib
0x00000001969ab000 	/usr/lib/liboah.dylib
0x0000000197260000 	/usr/lib/liblzma.5.dylib
0x000000018cbb4000 	/System/Library/Frameworks/SystemConfiguration.framework/Versions/A/SystemConfiguration
0x00000001969dd000 	/usr/lib/libfakelink.dylib
0x0000000190bf2000 	/System/Library/Frameworks/CFNetwork.framework/Versions/A/CFNetwork
0x0000000196b24000 	/usr/lib/libarchive.2.dylib
0x0000000195544000 	/System/Library/PrivateFrameworks/AppleSystemInfo.framework/Versions/A/AppleSystemInfo
0x00000001960a4000 	/usr/lib/libbsm.0.dylib
0x000000019012a000 	/usr/lib/libnetwork.dylib
0x000000019697b000 	/usr/lib/system/libkxld.dylib
0x0000000195cbb000 	/System/Library/PrivateFrameworks/IOMobileFramebuffer.framework/Versions/A/IOMobileFramebuffer
0x00000002090f2000 	/usr/lib/libCoreEntitlements.dylib
0x00000001966be000 	/System/Library/PrivateFrameworks/AppleFSCompression.framework/Versions/A/AppleFSCompression
0x000000019608c000 	/usr/lib/libcoretls.dylib
0x0000000197279000 	/usr/lib/libcoretls_cfhelpers.dylib
0x0000000196c75000 	/usr/lib/libpam.2.dylib
0x000000019247c000 	/usr/lib/libsqlite3.dylib
0x00000001972e1000 	/usr/lib/libxar.1.dylib
0x00000001966cf000 	/usr/lib/libbz2.1.0.dylib
0x00000001969e2000 	/usr/lib/libpcap.A.dylib
0x000000019284b000 	/usr/lib/libdns_services.dylib
0x0000000196c48000 	/usr/lib/libapple_nghttp2.dylib
0x0000000196a1f000 	/usr/lib/libiconv.2.dylib
0x0000000196974000 	/usr/lib/libcharset.1.dylib
0x000000019344f000 	/System/Library/Frameworks/CoreServices.framework/Versions/A/Frameworks/FSEvents.framework/Versions/A/FSEvents
0x000000018e6ba000 	/System/Library/Frameworks/CoreServices.framework/Versions/A/Frameworks/CarbonCore.framework/Versions/A/CarbonCore
0x0000000192a82000 	/System/Library/Frameworks/CoreServices.framework/Versions/A/Frameworks/Metadata.framework/Versions/A/Metadata
0x00000001966e2000 	/System/Library/Frameworks/CoreServices.framework/Versions/A/Frameworks/OSServices.framework/Versions/A/OSServices
0x0000000196baa000 	/System/Library/Frameworks/CoreServices.framework/Versions/A/Frameworks/SearchKit.framework/Versions/A/SearchKit
0x00000001927d9000 	/System/Library/Frameworks/CoreServices.framework/Versions/A/Frameworks/AE.framework/Versions/A/AE
0x000000018c510000 	/System/Library/Frameworks/CoreServices.framework/Versions/A/Frameworks/LaunchServices.framework/Versions/A/LaunchServices
0x0000000197209000 	/System/Library/Frameworks/CoreServices.framework/Versions/A/Frameworks/DictionaryServices.framework/Versions/A/DictionaryServices
0x000000019345c000 	/System/Library/Frameworks/CoreServices.framework/Versions/A/Frameworks/SharedFileList.framework/Versions/A/SharedFileList
0x000000019607c000 	/usr/lib/libCheckFix.dylib
0x0000000191132000 	/System/Library/PrivateFrameworks/TCC.framework/Versions/A/TCC
0x000000019554a000 	/System/Library/PrivateFrameworks/CoreNLP.framework/Versions/A/CoreNLP
0x0000000192a2e000 	/System/Library/PrivateFrameworks/MetadataUtilities.framework/Versions/A/MetadataUtilities
0x000000018cc6d000 	/usr/lib/libmecabra.dylib
0x00000001960b5000 	/usr/lib/libmecab.dylib
0x000000018cc39000 	/usr/lib/libCRFSuite.dylib
0x0000000196113000 	/usr/lib/libgermantok.dylib
0x0000000196c21000 	/usr/lib/libThaiTokenizer.dylib
0x0000000192b27000 	/System/Library/Frameworks/Accelerate.framework/Versions/A/Frameworks/vImage.framework/Versions/A/vImage
0x000000019ccdb000 	/System/Library/Frameworks/Accelerate.framework/Versions/A/Frameworks/vecLib.framework/Versions/A/vecLib
0x0000000197325000 	/System/Library/Frameworks/Accelerate.framework/Versions/A/Frameworks/vecLib.framework/Versions/A/libvMisc.dylib
0x0000000195bc5000 	/System/Library/Frameworks/Accelerate.framework/Versions/A/Frameworks/vecLib.framework/Versions/A/libvDSP.dylib
0x000000018c893000 	/System/Library/Frameworks/Accelerate.framework/Versions/A/Frameworks/vecLib.framework/Versions/A/libBLAS.dylib
0x0000000196d49000 	/System/Library/Frameworks/Accelerate.framework/Versions/A/Frameworks/vecLib.framework/Versions/A/libLAPACK.dylib
0x0000000196116000 	/System/Library/Frameworks/Accelerate.framework/Versions/A/Frameworks/vecLib.framework/Versions/A/libLinearAlgebra.dylib
0x0000000196c60000 	/System/Library/Frameworks/Accelerate.framework/Versions/A/Frameworks/vecLib.framework/Versions/A/libSparseBLAS.dylib
0x0000000196d44000 	/System/Library/Frameworks/Accelerate.framework/Versions/A/Frameworks/vecLib.framework/Versions/A/libQuadrature.dylib
0x0000000195641000 	/System/Library/Frameworks/Accelerate.framework/Versions/A/Frameworks/vecLib.framework/Versions/A/libBNNS.dylib
0x000000018cb51000 	/System/Library/Frameworks/Accelerate.framework/Versions/A/Frameworks/vecLib.framework/Versions/A/libSparse.dylib
0x0000000195639000 	/System/Library/PrivateFrameworks/LinguisticData.framework/Versions/A/LinguisticData
0x000000018cb07000 	/System/Library/PrivateFrameworks/Lexicon.framework/Versions/A/Lexicon
0x000000019731d000 	/usr/lib/libChineseTokenizer.dylib
0x000000018d2ae000 	/System/Library/PrivateFrameworks/LanguageModeling.framework/Versions/A/LanguageModeling
0x0000000196c23000 	/System/Library/PrivateFrameworks/AppleSauce.framework/Versions/A/AppleSauce
0x0000000195ca8000 	/System/Library/PrivateFrameworks/CoreEmoji.framework/Versions/A/CoreEmoji
0x0000000196b12000 	/usr/lib/libcmph.dylib
0x000000019342f000 	/System/Library/Frameworks/OpenDirectory.framework/Versions/A/Frameworks/CFOpenDirectory.framework/Versions/A/CFOpenDirectory
0x000000019341f000 	/System/Library/Frameworks/OpenDirectory.framework/Versions/A/OpenDirectory
0x000000019727b000 	/System/Library/PrivateFrameworks/APFS.framework/Versions/A/APFS
0x0000000195fd4000 	/System/Library/Frameworks/SecurityFoundation.framework/Versions/A/SecurityFoundation
0x00000001972ef000 	/usr/lib/libutil.dylib
0x000000018e9ef000 	/System/Library/PrivateFrameworks/CoreServicesStore.framework/Versions/A/CoreServicesStore
0x00000001972f3000 	/usr/lib/libxslt.1.dylib
0x0000000196068000 	/System/Library/PrivateFrameworks/BackgroundTaskManagement.framework/Versions/A/BackgroundTaskManagement
0x0000000198556000 	/System/Library/Frameworks/ImageIO.framework/Versions/A/Resources/libRadiance.dylib
0x000000019855f000 	/System/Library/Frameworks/ImageIO.framework/Versions/A/Resources/libJPEG.dylib
0x00000001984b1000 	/System/Library/Frameworks/ImageIO.framework/Versions/A/Resources/libPng.dylib
0x00000001984d3000 	/System/Library/Frameworks/ImageIO.framework/Versions/A/Resources/libTIFF.dylib
0x00000001985ba000 	/System/Library/Frameworks/ImageIO.framework/Versions/A/Resources/libGIF.dylib
0x0000000197eff000 	/System/Library/Frameworks/ImageIO.framework/Versions/A/Resources/libJP2.dylib
0x0000000197644000 	/usr/lib/libexpat.1.dylib
0x0000000197eba000 	/System/Library/PrivateFrameworks/AppleJPEG.framework/Versions/A/AppleJPEG
0x0000000194a6d000 	/System/Library/PrivateFrameworks/FontServices.framework/libFontParser.dylib
0x000000019277e000 	/System/Library/PrivateFrameworks/RunningBoardServices.framework/Versions/A/RunningBoardServices
0x00000001a2c4f000 	/System/Library/PrivateFrameworks/IOSurfaceAccelerator.framework/Versions/A/IOSurfaceAccelerator
0x0000000197feb000 	/System/Library/PrivateFrameworks/WatchdogClient.framework/Versions/A/WatchdogClient
0x000000018d3b2000 	/System/Library/Frameworks/CoreDisplay.framework/Versions/A/CoreDisplay
0x000000019495b000 	/System/Library/Frameworks/CoreMedia.framework/Versions/A/CoreMedia
0x00000001947ef000 	/System/Library/PrivateFrameworks/IOAccelerator.framework/Versions/A/IOAccelerator
0x00000001935bd000 	/System/Library/Frameworks/CoreVideo.framework/Versions/A/CoreVideo
0x0000000196c73000 	/System/Library/Frameworks/MetalPerformanceShaders.framework/Versions/A/MetalPerformanceShaders
0x0000000198028000 	/System/Library/Frameworks/VideoToolbox.framework/Versions/A/VideoToolbox
0x00000001926c2000 	/System/Library/PrivateFrameworks/BaseBoard.framework/Versions/A/BaseBoard
0x0000000192461000 	/System/Library/PrivateFrameworks/ProtocolBuffer.framework/Versions/A/ProtocolBuffer
0x0000000198551000 	/System/Library/PrivateFrameworks/GPUWrangler.framework/Versions/A/GPUWrangler
0x0000000198530000 	/System/Library/PrivateFrameworks/IOPresentment.framework/Versions/A/IOPresentment
0x0000000198559000 	/System/Library/PrivateFrameworks/DSExternalDisplay.framework/Versions/A/DSExternalDisplay
0x00000001ed380000 	/System/Library/Frameworks/OpenGL.framework/Versions/A/Libraries/libCoreFSCache.dylib
0x00000001f6b41000 	/System/Library/PrivateFrameworks/GPUCompiler.framework/Versions/31001/Libraries/libGPUCompilerUtils.dylib
0x00000001985bf000 	/System/Library/PrivateFrameworks/CMCaptureCore.framework/Versions/A/CMCaptureCore
0x0000000197bf8000 	/System/Library/PrivateFrameworks/AppServerSupport.framework/Versions/A/AppServerSupport
0x0000000199d98000 	/System/Library/PrivateFrameworks/perfdata.framework/Versions/A/perfdata
0x000000018d4d2000 	/System/Library/PrivateFrameworks/AudioToolboxCore.framework/Versions/A/AudioToolboxCore
0x0000000194933000 	/System/Library/PrivateFrameworks/caulk.framework/Versions/A/caulk
0x000000019968d000 	/usr/lib/libAudioStatistics.dylib
0x00000001aaf93000 	/System/Library/PrivateFrameworks/SystemPolicy.framework/Versions/A/SystemPolicy
0x00000001998ed000 	/usr/lib/libSMC.dylib
0x00000001a24be000 	/System/Library/Frameworks/CoreMIDI.framework/Versions/A/CoreMIDI
0x000000019847f000 	/usr/lib/libAudioToolboxUtility.dylib
0x00000001a73cc000 	/System/Library/PrivateFrameworks/OSAServicesClient.framework/Versions/A/OSAServicesClient
0x0000000199da5000 	/usr/lib/libperfcheck.dylib
0x00000001aba96000 	/usr/lib/libmis.dylib
0x00000001ed3e1000 	/System/Library/Frameworks/OpenGL.framework/Versions/A/Libraries/libGLU.dylib
0x00000001ed3a0000 	/System/Library/Frameworks/OpenGL.framework/Versions/A/Libraries/libGFXShared.dylib
0x00000001ed58a000 	/System/Library/Frameworks/OpenGL.framework/Versions/A/Libraries/libGL.dylib
0x00000001ed3a9000 	/System/Library/Frameworks/OpenGL.framework/Versions/A/Libraries/libGLImage.dylib
0x00000001ed39d000 	/System/Library/Frameworks/OpenGL.framework/Versions/A/Libraries/libCVMSPluginSupport.dylib
0x00000001ed387000 	/System/Library/Frameworks/OpenGL.framework/Versions/A/Libraries/libCoreVMClient.dylib
0x00000001954c5000 	/System/Library/Frameworks/MetalPerformanceShaders.framework/Versions/A/Frameworks/MPSCore.framework/Versions/A/MPSCore
0x0000000196631000 	/System/Library/Frameworks/MetalPerformanceShaders.framework/Versions/A/Frameworks/MPSImage.framework/Versions/A/MPSImage
0x000000019612b000 	/System/Library/Frameworks/MetalPerformanceShaders.framework/Versions/A/Frameworks/MPSNeuralNetwork.framework/Versions/A/MPSNeuralNetwork
0x0000000196568000 	/System/Library/Frameworks/MetalPerformanceShaders.framework/Versions/A/Frameworks/MPSMatrix.framework/Versions/A/MPSMatrix
0x0000000196343000 	/System/Library/Frameworks/MetalPerformanceShaders.framework/Versions/A/Frameworks/MPSRayIntersector.framework/Versions/A/MPSRayIntersector
0x0000000196599000 	/System/Library/Frameworks/MetalPerformanceShaders.framework/Versions/A/Frameworks/MPSNDArray.framework/Versions/A/MPSNDArray
0x00000001ef0b7000 	/System/Library/Frameworks/MetalPerformanceShaders.framework/Versions/A/Frameworks/MPSFunctions.framework/Versions/A/MPSFunctions
0x000000018c771000 	/System/Library/PrivateFrameworks/MetalTools.framework/Versions/A/MetalTools
0x0000000195542000 	/System/Library/PrivateFrameworks/AggregateDictionary.framework/Versions/A/AggregateDictionary
0x000000019742a000 	/usr/lib/libIOReport.dylib
0x00000001a14a5000 	/System/Library/PrivateFrameworks/ASEProcessing.framework/Versions/A/ASEProcessing
0x000000019779d000 	/System/Library/PrivateFrameworks/FaceCore.framework/Versions/A/FaceCore
0x000000019778f000 	/System/Library/PrivateFrameworks/GraphVisualizer.framework/Versions/A/GraphVisualizer
0x00000001f6a58000 	/System/Library/PrivateFrameworks/FontServices.framework/Versions/A/FontServices
0x0000000197bb2000 	/System/Library/PrivateFrameworks/OTSVG.framework/Versions/A/OTSVG
0x000000019318b000 	/System/Library/Frameworks/ApplicationServices.framework/Versions/A/Frameworks/ATS.framework/Versions/A/Resources/libFontRegistry.dylib
0x0000000197c01000 	/System/Library/PrivateFrameworks/FontServices.framework/libhvf.dylib
0x00000001f6a59000 	/System/Library/PrivateFrameworks/FontServices.framework/libXTFontStaticRegistryData.dylib
0x00000001ed72c000 	/System/Library/Frameworks/OpenCL.framework/Versions/A/OpenCL
0x00000001975f8000 	/System/Library/PrivateFrameworks/AppleVA.framework/Versions/A/AppleVA
0x00000001996b5000 	/System/Library/Frameworks/ApplicationServices.framework/Versions/A/Frameworks/ATS.framework/Versions/A/ATS
0x0000000191c25000 	/System/Library/Frameworks/ApplicationServices.framework/Versions/A/Frameworks/HIServices.framework/Versions/A/HIServices
0x00000001985c9000 	/System/Library/Frameworks/ApplicationServices.framework/Versions/A/Frameworks/PrintCore.framework/Versions/A/PrintCore
0x0000000199a40000 	/System/Library/Frameworks/ApplicationServices.framework/Versions/A/Frameworks/QD.framework/Versions/A/QD
0x0000000199a38000 	/System/Library/Frameworks/ApplicationServices.framework/Versions/A/Frameworks/ColorSyncLegacy.framework/Versions/A/ColorSyncLegacy
0x00000001996a1000 	/System/Library/Frameworks/ApplicationServices.framework/Versions/A/Frameworks/SpeechSynthesis.framework/Versions/A/SpeechSynthesis
0x000000019858a000 	/System/Library/Frameworks/ApplicationServices.framework/Versions/A/Frameworks/ATSUI.framework/Versions/A/ATSUI
0x00000001999cd000 	/usr/lib/libcups.2.dylib
0x0000000199db3000 	/System/Library/Frameworks/Kerberos.framework/Versions/A/Kerberos
0x0000000199dc4000 	/System/Library/Frameworks/GSS.framework/Versions/A/GSS
0x0000000199724000 	/usr/lib/libresolv.9.dylib
0x0000000197c0f000 	/System/Library/PrivateFrameworks/Heimdal.framework/Versions/A/Heimdal
0x00000001a0715000 	/System/Library/Frameworks/Kerberos.framework/Versions/A/Libraries/libHeimdalProxy.dylib
0x000000019285d000 	/System/Library/Frameworks/Network.framework/Versions/A/Network
0x000000019765f000 	/usr/lib/libheimdal-asn1.dylib
0x0000000199e0a000 	/System/Library/PrivateFrameworks/CommonAuth.framework/Versions/A/CommonAuth
0x000000019961b000 	/System/Library/PrivateFrameworks/AudioSession.framework/Versions/A/AudioSession
0x00000001976f0000 	/System/Library/PrivateFrameworks/MediaExperience.framework/Versions/A/MediaExperience
0x00000001994a3000 	/System/Library/PrivateFrameworks/AudioSession.framework/libSessionUtility.dylib
0x0000000199a4c000 	/System/Library/PrivateFrameworks/AudioResourceArbitration.framework/Versions/A/AudioResourceArbitration
0x000000019db57000 	/System/Library/PrivateFrameworks/PowerLog.framework/Versions/A/PowerLog
0x0000000197668000 	/System/Library/PrivateFrameworks/IconFoundation.framework/Versions/A/IconFoundation
0x000000019c907000 	/System/Library/PrivateFrameworks/SpeechRecognitionCore.framework/Versions/A/SpeechRecognitionCore
0x0000000104e94000 	/System/Library/CoreServices/Encodings/libCyrillicConverter.dylib
0x0000000105c98000 	/Users/mymac/Library/Java/JavaVirtualMachines/liberica-1.8.0_312/jre/lib/server/libjvm.dylib
0x0000000104ea4000 	/Users/mymac/Library/Java/JavaVirtualMachines/liberica-1.8.0_312/jre/lib/libverify.dylib
0x0000000104fec000 	/Users/mymac/Library/Java/JavaVirtualMachines/liberica-1.8.0_312/jre/lib/libjava.dylib
0x0000000104ef0000 	/Users/mymac/Library/Java/JavaVirtualMachines/liberica-1.8.0_312/jre/lib/libinstrument.dylib
0x000000010507c000 	/Users/mymac/Library/Java/JavaVirtualMachines/liberica-1.8.0_312/jre/lib/libzip.dylib
0x0000000105bb0000 	/Users/mymac/Library/Java/JavaVirtualMachines/liberica-1.8.0_312/jre/lib/libnio.dylib
0x0000000105c04000 	/Users/mymac/Library/Java/JavaVirtualMachines/liberica-1.8.0_312/jre/lib/libnet.dylib
0x0000000105bd8000 	/Users/mymac/Library/Java/JavaVirtualMachines/liberica-1.8.0_312/jre/lib/libprism_es2.dylib
0x000000018e9b2000 	/System/Library/PrivateFrameworks/CoreServicesInternal.framework/Versions/A/CoreServicesInternal
0x00000001ed594000 	/System/Library/Frameworks/OpenGL.framework/Versions/A/Resources/GLEngine.bundle/GLEngine
0x00000001ed41b000 	/System/Library/Frameworks/OpenGL.framework/Versions/A/Libraries/libGLProgrammability.dylib
0x0000000119f00000 	/System/Library/Extensions/AppleMetalOpenGLRenderer.bundle/Contents/MacOS/AppleMetalOpenGLRenderer
0x00000001ed703000 	/System/Library/Frameworks/OpenGL.framework/Versions/A/Resources/GLRendererFloat.bundle/GLRendererFloat
0x00000001ed7a4000 	/System/Library/Extensions/AGXMetal13_3.bundle/Contents/MacOS/AGXMetal13_3
0x00000001abab2000 	/System/Library/PrivateFrameworks/GPURawCounter.framework/Versions/A/GPURawCounter
0x00000001a6553000 	/System/Library/PrivateFrameworks/IOGPU.framework/Versions/A/IOGPU
0x000000011a860000 	/Users/mymac/Library/Java/JavaVirtualMachines/liberica-1.8.0_312/jre/lib/libglass.dylib
0x000000019ddab000 	/System/Library/Frameworks/FileProvider.framework/Versions/A/FileProvider
0x000000019262a000 	/System/Library/Frameworks/Accounts.framework/Versions/A/Accounts
0x000000019df2b000 	/System/Library/PrivateFrameworks/GenerationalStorage.framework/Versions/A/GenerationalStorage
0x000000019eae1000 	/System/Library/PrivateFrameworks/CoreSymbolication.framework/Versions/A/CoreSymbolication
0x000000019db4b000 	/System/Library/PrivateFrameworks/SymptomDiagnosticReporter.framework/Versions/A/SymptomDiagnosticReporter
0x000000018fc9b000 	/System/Library/PrivateFrameworks/DesktopServicesPriv.framework/Versions/A/DesktopServicesPriv
0x000000018eb12000 	/usr/lib/libsandbox.1.dylib
0x000000019364a000 	/System/Library/PrivateFrameworks/UserManagement.framework/Versions/A/UserManagement
0x000000019eaa2000 	/System/Library/PrivateFrameworks/DebugSymbols.framework/Versions/A/DebugSymbols
0x0000000199a2b000 	/System/Library/PrivateFrameworks/NetAuth.framework/Versions/A/NetAuth
0x000000019a930000 	/System/Library/PrivateFrameworks/Sharing.framework/Versions/A/Sharing
0x000000019361a000 	/System/Library/PrivateFrameworks/login.framework/Versions/A/Frameworks/loginsupport.framework/Versions/A/loginsupport
0x000000019fc59000 	/System/Library/PrivateFrameworks/Apple80211.framework/Versions/A/Apple80211
0x0000000196715000 	/System/Library/PrivateFrameworks/AuthKit.framework/Versions/A/AuthKit
0x0000000195da7000 	/System/Library/PrivateFrameworks/CoreUtils.framework/Versions/A/CoreUtils
0x0000000195cc7000 	/System/Library/Frameworks/CoreWLAN.framework/Versions/A/CoreWLAN
0x000000019aa9a000 	/System/Library/Frameworks/IOBluetooth.framework/Versions/A/IOBluetooth
0x000000019fcb9000 	/System/Library/PrivateFrameworks/CoreWiFi.framework/Versions/A/CoreWiFi
0x000000019e689000 	/System/Library/PrivateFrameworks/FrontBoardServices.framework/Versions/A/FrontBoardServices
0x000000019e721000 	/System/Library/PrivateFrameworks/BoardServices.framework/Versions/A/BoardServices
0x0000000195fc2000 	/System/Library/PrivateFrameworks/AssertionServices.framework/Versions/A/AssertionServices
0x000000019fe27000 	/System/Library/PrivateFrameworks/BackBoardServices.framework/Versions/A/BackBoardServices
0x0000000199e9d000 	/System/Library/PrivateFrameworks/CorePhoneNumbers.framework/Versions/A/CorePhoneNumbers
0x000000019dc7b000 	/System/Library/PrivateFrameworks/DiskManagement.framework/Versions/A/DiskManagement
0x000000019db7e000 	/System/Library/PrivateFrameworks/AppleIDAuthSupport.framework/Versions/A/AppleIDAuthSupport
0x00000001f1380000 	/System/Library/PrivateFrameworks/AAAFoundation.framework/Versions/A/AAAFoundation
0x0000000199e7c000 	/System/Library/PrivateFrameworks/KeychainCircle.framework/Versions/A/KeychainCircle
0x000000019dc47000 	/System/Library/PrivateFrameworks/MediaKit.framework/Versions/A/MediaKit
0x000000019db8b000 	/System/Library/Frameworks/DiscRecording.framework/Versions/A/DiscRecording
0x0000000197574000 	/usr/lib/libCoreStorage.dylib
0x00000001a0123000 	/usr/lib/libcsfde.dylib
0x000000019ab6f000 	/System/Library/PrivateFrameworks/ProtectedCloudStorage.framework/Versions/A/ProtectedCloudStorage
0x00000001a011b000 	/System/Library/PrivateFrameworks/EFILogin.framework/Versions/A/EFILogin
0x000000019df52000 	/System/Library/PrivateFrameworks/OctagonTrust.framework/Versions/A/OctagonTrust
0x00000001f5ca4000 	/System/Library/PrivateFrameworks/CoreUtilsExtras.framework/Versions/A/CoreUtilsExtras
0x000000019dac1000 	/System/Library/Frameworks/CoreBluetooth.framework/Versions/A/CoreBluetooth
0x00000001a079a000 	/System/Library/Frameworks/AudioUnit.framework/Versions/A/AudioUnit
0x000000019756c000 	/usr/lib/libMatch.1.dylib
0x00000001afd95000 	/System/Library/Frameworks/Accelerate.framework/Versions/A/Frameworks/vImage.framework/Versions/A/Libraries/libCGInterfaces.dylib
0x000000011c2fc000 	/usr/lib/libobjc-trampolines.dylib
0x0000000193317000 	/System/Library/PrivateFrameworks/ViewBridge.framework/Versions/A/ViewBridge
0x000000020926c000 	/usr/lib/libRosetta.dylib
0x000000011d69c000 	/Users/mymac/Library/Java/JavaVirtualMachines/liberica-1.8.0_312/jre/lib/libjavafx_font.dylib
0x0000000197cbd000 	/System/Library/PrivateFrameworks/login.framework/Versions/A/login

VM Arguments:
jvm_args: -javaagent:/Users/mymac/Library/Application Support/JetBrains/Toolbox/apps/IDEA-U/ch-0/213.5744.223/IntelliJ IDEA.app/Contents/lib/idea_rt.jar=52721:/Users/mymac/Library/Application Support/JetBrains/Toolbox/apps/IDEA-U/ch-0/213.5744.223/IntelliJ IDEA.app/Contents/bin -Dfile.encoding=UTF-8 
java_command: com.javarush.games.minesweeper.MinesweeperGame
java_class_path (initial): /Users/mymac/Library/Java/JavaVirtualMachines/liberica-1.8.0_312/jre/lib/charsets.jar:/Users/mymac/Library/Java/JavaVirtualMachines/liberica-1.8.0_312/jre/lib/ext/cldrdata.jar:/Users/mymac/Library/Java/JavaVirtualMachines/liberica-1.8.0_312/jre/lib/ext/dnsns.jar:/Users/mymac/Library/Java/JavaVirtualMachines/liberica-1.8.0_312/jre/lib/ext/jaccess.jar:/Users/mymac/Library/Java/JavaVirtualMachines/liberica-1.8.0_312/jre/lib/ext/jfxrt.jar:/Users/mymac/Library/Java/JavaVirtualMachines/liberica-1.8.0_312/jre/lib/ext/localedata.jar:/Users/mymac/Library/Java/JavaVirtualMachines/liberica-1.8.0_312/jre/lib/ext/nashorn.jar:/Users/mymac/Library/Java/JavaVirtualMachines/liberica-1.8.0_312/jre/lib/ext/sunec.jar:/Users/mymac/Library/Java/JavaVirtualMachines/liberica-1.8.0_312/jre/lib/ext/sunjce_provider.jar:/Users/mymac/Library/Java/JavaVirtualMachines/liberica-1.8.0_312/jre/lib/ext/sunpkcs11.jar:/Users/mymac/Library/Java/JavaVirtualMachines/liberica-1.8.0_312/jre/lib/ext/zipfs.jar:/Users/mymac/Library/Java/JavaVirtualMachines/liberica-1.8.0_312/jre/lib/jce.jar:/Users/mymac/Library/Java/JavaVirtualMachines/liberica-1.8.0_312/jre/lib/jfr.jar:/Users/mymac/Library/Java/JavaVirtualMachines/liberica-1.8.0_312/jre/lib/jfxswt.jar:/Users/mymac/Library/Java/JavaVirtualMachines/liberica-1.8.0_312/jre/lib/jsse.jar:/Users/mymac/Library/Java/JavaVirtualMachines/liberica-1.8.0_312/jre/lib/management-agent.jar:/Users/mymac/Library/Java/JavaVirtualMachines/liberica-1.8.0_312/jre/lib/resources.jar:/Users/mymac/Library/Java/JavaVirtualMachines/liberica-1.8.0_312/jre/lib/rt.jar:/Users/mymac/IDEAProjects/JavaRush/JavaRushTasks/out/production/8.Games:/Users/mymac/IDEAProjects/JavaRush/JavaRushTasks/lib/desktop-game-engine.jar:/Users/mymac/Library/Application Support/JetBrains/Toolbox/apps/IDEA-U/ch-0/213.5744.223/IntelliJ IDEA.app/Contents/lib/idea_rt.jar
Launcher Type: SUN_STANDARD

Environment Variables:
PATH=/usr/local/bin:/usr/bin:/bin:/usr/sbin:/sbin
SHELL=/bin/zsh

Signal Handlers:
SIGSEGV: [libjvm.dylib+0x54c0d4], sa_mask[0]=11111111011111110111111111111111, sa_flags=SA_ONSTACK|SA_RESTART|SA_SIGINFO
SIGBUS: [libjvm.dylib+0x54c0d4], sa_mask[0]=11111111011111110111111111111111, sa_flags=SA_RESTART|SA_SIGINFO
SIGFPE: [libjvm.dylib+0x44ad28], sa_mask[0]=11111111011111110111111111111111, sa_flags=SA_RESTART|SA_SIGINFO
SIGPIPE: [libjvm.dylib+0x44ad28], sa_mask[0]=11111111011111110111111111111111, sa_flags=SA_RESTART|SA_SIGINFO
SIGXFSZ: [libjvm.dylib+0x44ad28], sa_mask[0]=11111111011111110111111111111111, sa_flags=SA_RESTART|SA_SIGINFO
SIGILL: [libjvm.dylib+0x44ad28], sa_mask[0]=11111111011111110111111111111111, sa_flags=SA_RESTART|SA_SIGINFO
SIGUSR1: SIG_DFL, sa_mask[0]=00000000000000000000000000000000, sa_flags=none
SIGUSR2: [libjvm.dylib+0x44b64c], sa_mask[0]=00100000000000000000000000000000, sa_flags=SA_RESTART|SA_SIGINFO
SIGHUP: [libjvm.dylib+0x4495e8], sa_mask[0]=11111111011111110111111111111111, sa_flags=SA_RESTART|SA_SIGINFO
SIGINT: [libjvm.dylib+0x4495e8], sa_mask[0]=11111111011111110111111111111111, sa_flags=SA_RESTART|SA_SIGINFO
SIGTERM: [libjvm.dylib+0x4495e8], sa_mask[0]=11111111011111110111111111111111, sa_flags=SA_RESTART|SA_SIGINFO
SIGQUIT: [libjvm.dylib+0x4495e8], sa_mask[0]=11111111011111110111111111111111, sa_flags=SA_RESTART|SA_SIGINFO


---------------  S Y S T E M  ---------------

OS:Bsduname:Darwin 21.2.0 Darwin Kernel Version 21.2.0: Sun Nov 28 20:29:10 PST 2021; root:xnu-8019.61.5~1/RELEASE_ARM64_T8101 arm64
rlimit: STACK 8176k, CORE 0k, NPROC 2666, NOFILE 10240, AS infinity
load average:1.35 1.42 1.40

CPU:total 8 (initial active 8) simd, crc, lse

Memory: 16k page, physical 16777216k(138240k free)

/proc/meminfo:


vm_info: OpenJDK 64-Bit Server VM (25.312-b07) for bsd-aarch64 JRE (1.8.0_312-b07), built on Oct 15 2021 02:42:59 by "bellsoft" with gcc Apple LLVM 12.0.0 (clang-1200.0.32.28)

time: Sat Jan  1 13:46:36 2022
timezone: EET
elapsed time: 1.105398 seconds (0d 0h 0m 1s)

